<?xml version="1.0" encoding="UTF-8"?>
<!-- Generated by org.testng.reporters.JUnitXMLReporter -->
<testsuite hostname="DESKTOP-17JJ3GD" name="Test" tests="2" failures="1" timestamp="24 Nov 2020 07:45:51 GMT" time="46.819" errors="0">
  <testcase name="start" time="46.712" classname="com.facebook.mainRun.MainProRun"/>
  <testcase name="close" time="0.006" classname="com.facebook.mainRun.MainProRun">
    <failure type="java.lang.NullPointerException">
      <![CDATA[java.lang.NullPointerException
	at com.facebook.mainRun.MainProRun.close(MainProRun.java:25)
... Removed 25 stack frames]]>
    </failure>
  </testcase> <!-- close -->
</testsuite> <!-- Test -->
